{"uid":"2baf00248dd4546","name":"Change User Name","fullName":"tests.test_example.ExampleTestCase#test_change_name","historyId":"401c7467121e7dc775efa0719d6717a6","time":{"start":1757064417632,"stop":1757064423576,"duration":5944},"description":"This test changes the user name and verifies the update is reflected.","descriptionHtml":"<p>This test changes the user name and verifies the update is reflected.</p>\n","status":"broken","statusMessage":"selenium.common.exceptions.NoSuchElementException: Message: Unable to locate element: [id=\"radix-:Rln7mjt6:\"]; For documentation on this error, please visit: https://www.selenium.dev/documentation/webdriver/troubleshooting/errors#nosuchelementexception\nStacktrace:\nRemoteError@chrome://remote/content/shared/RemoteError.sys.mjs:8:8\nWebDriverError@chrome://remote/content/shared/webdriver/Errors.sys.mjs:199:5\nNoSuchElementError@chrome://remote/content/shared/webdriver/Errors.sys.mjs:552:5\ndom.find/</<@chrome://remote/content/shared/DOM.sys.mjs:136:16","statusTrace":"tests/test_example.py:78: in test_change_name\n    changed = self.page.change_name(\"hamad\")\n              ^^^^^^^^^^^^^^^^^^^^^^^^^^^^^^\nutilits/POM_helper_class.py:63: in change_name\n    self.driver.find_element(*self.PROFILE_BUTTON).click()\n    ^^^^^^^^^^^^^^^^^^^^^^^^^^^^^^^^^^^^^^^^^^^^^^\n/opt/hostedtoolcache/Python/3.11.13/x64/lib/python3.11/site-packages/selenium/webdriver/remote/webdriver.py:926: in find_element\n    return self.execute(Command.FIND_ELEMENT, {\"using\": by, \"value\": value})[\"value\"]\n           ^^^^^^^^^^^^^^^^^^^^^^^^^^^^^^^^^^^^^^^^^^^^^^^^^^^^^^^^^^^^^^^^^\n/opt/hostedtoolcache/Python/3.11.13/x64/lib/python3.11/site-packages/selenium/webdriver/remote/webdriver.py:458: in execute\n    self.error_handler.check_response(response)\n/opt/hostedtoolcache/Python/3.11.13/x64/lib/python3.11/site-packages/selenium/webdriver/remote/errorhandler.py:232: in check_response\n    raise exception_class(message, screen, stacktrace)\nE   selenium.common.exceptions.NoSuchElementException: Message: Unable to locate element: [id=\"radix-:Rln7mjt6:\"]; For documentation on this error, please visit: https://www.selenium.dev/documentation/webdriver/troubleshooting/errors#nosuchelementexception\nE   Stacktrace:\nE   RemoteError@chrome://remote/content/shared/RemoteError.sys.mjs:8:8\nE   WebDriverError@chrome://remote/content/shared/webdriver/Errors.sys.mjs:199:5\nE   NoSuchElementError@chrome://remote/content/shared/webdriver/Errors.sys.mjs:552:5\nE   dom.find/</<@chrome://remote/content/shared/DOM.sys.mjs:136:16","flaky":false,"newFailed":false,"newBroken":false,"newPassed":false,"retriesCount":5,"retriesStatusChange":true,"beforeStages":[{"name":"_unittest_setUpClass_fixture_ExampleTestCase","time":{"start":1757064417631,"stop":1757064417631,"duration":0},"status":"passed","steps":[],"attachments":[],"parameters":[],"stepsCount":0,"shouldDisplayMessage":false,"attachmentsCount":0,"hasContent":false,"attachmentStep":false},{"name":"_skip_sensitive","time":{"start":1757064417631,"stop":1757064417631,"duration":0},"status":"passed","steps":[],"attachments":[],"parameters":[],"stepsCount":0,"shouldDisplayMessage":false,"attachmentsCount":0,"hasContent":false,"attachmentStep":false},{"name":"base_url","time":{"start":1757064417631,"stop":1757064417631,"duration":0},"status":"passed","steps":[],"attachments":[],"parameters":[],"stepsCount":0,"shouldDisplayMessage":false,"attachmentsCount":0,"hasContent":false,"attachmentStep":false},{"name":"_verify_url","time":{"start":1757064417631,"stop":1757064417631,"duration":0},"status":"passed","steps":[],"attachments":[],"parameters":[],"stepsCount":0,"shouldDisplayMessage":false,"attachmentsCount":0,"hasContent":false,"attachmentStep":false},{"name":"sensitive_url","time":{"start":1757064417631,"stop":1757064417631,"duration":0},"status":"passed","steps":[],"attachments":[],"parameters":[],"stepsCount":0,"shouldDisplayMessage":false,"attachmentsCount":0,"hasContent":false,"attachmentStep":false}],"testStage":{"description":"This test changes the user name and verifies the update is reflected.","status":"broken","statusMessage":"selenium.common.exceptions.NoSuchElementException: Message: Unable to locate element: [id=\"radix-:Rln7mjt6:\"]; For documentation on this error, please visit: https://www.selenium.dev/documentation/webdriver/troubleshooting/errors#nosuchelementexception\nStacktrace:\nRemoteError@chrome://remote/content/shared/RemoteError.sys.mjs:8:8\nWebDriverError@chrome://remote/content/shared/webdriver/Errors.sys.mjs:199:5\nNoSuchElementError@chrome://remote/content/shared/webdriver/Errors.sys.mjs:552:5\ndom.find/</<@chrome://remote/content/shared/DOM.sys.mjs:136:16","statusTrace":"tests/test_example.py:78: in test_change_name\n    changed = self.page.change_name(\"hamad\")\n              ^^^^^^^^^^^^^^^^^^^^^^^^^^^^^^\nutilits/POM_helper_class.py:63: in change_name\n    self.driver.find_element(*self.PROFILE_BUTTON).click()\n    ^^^^^^^^^^^^^^^^^^^^^^^^^^^^^^^^^^^^^^^^^^^^^^\n/opt/hostedtoolcache/Python/3.11.13/x64/lib/python3.11/site-packages/selenium/webdriver/remote/webdriver.py:926: in find_element\n    return self.execute(Command.FIND_ELEMENT, {\"using\": by, \"value\": value})[\"value\"]\n           ^^^^^^^^^^^^^^^^^^^^^^^^^^^^^^^^^^^^^^^^^^^^^^^^^^^^^^^^^^^^^^^^^\n/opt/hostedtoolcache/Python/3.11.13/x64/lib/python3.11/site-packages/selenium/webdriver/remote/webdriver.py:458: in execute\n    self.error_handler.check_response(response)\n/opt/hostedtoolcache/Python/3.11.13/x64/lib/python3.11/site-packages/selenium/webdriver/remote/errorhandler.py:232: in check_response\n    raise exception_class(message, screen, stacktrace)\nE   selenium.common.exceptions.NoSuchElementException: Message: Unable to locate element: [id=\"radix-:Rln7mjt6:\"]; For documentation on this error, please visit: https://www.selenium.dev/documentation/webdriver/troubleshooting/errors#nosuchelementexception\nE   Stacktrace:\nE   RemoteError@chrome://remote/content/shared/RemoteError.sys.mjs:8:8\nE   WebDriverError@chrome://remote/content/shared/webdriver/Errors.sys.mjs:199:5\nE   NoSuchElementError@chrome://remote/content/shared/webdriver/Errors.sys.mjs:552:5\nE   dom.find/</<@chrome://remote/content/shared/DOM.sys.mjs:136:16","steps":[{"name":"Navigate to Ollama UI","time":{"start":1757064419874,"stop":1757064420806,"duration":932},"status":"passed","steps":[],"attachments":[],"parameters":[],"stepsCount":0,"shouldDisplayMessage":false,"attachmentsCount":0,"hasContent":false,"attachmentStep":false},{"name":"Change user name to 'hamad'","time":{"start":1757064420806,"stop":1757064422865,"duration":2059},"status":"broken","statusMessage":"selenium.common.exceptions.NoSuchElementException: Message: Unable to locate element: [id=\"radix-:Rln7mjt6:\"]; For documentation on this error, please visit: https://www.selenium.dev/documentation/webdriver/troubleshooting/errors#nosuchelementexception\nStacktrace:\nRemoteError@chrome://remote/content/shared/RemoteError.sys.mjs:8:8\nWebDriverError@chrome://remote/content/shared/webdriver/Errors.sys.mjs:199:5\nNoSuchElementError@chrome://remote/content/shared/webdriver/Errors.sys.mjs:552:5\ndom.find/</<@chrome://remote/content/shared/DOM.sys.mjs:136:16\n\n","statusTrace":"  File \"/home/runner/work/OllamaUI/OllamaUI/tests/test_example.py\", line 78, in test_change_name\n    changed = self.page.change_name(\"hamad\")\n              ^^^^^^^^^^^^^^^^^^^^^^^^^^^^^^\n  File \"/home/runner/work/OllamaUI/OllamaUI/utilits/POM_helper_class.py\", line 63, in change_name\n    self.driver.find_element(*self.PROFILE_BUTTON).click()\n    ^^^^^^^^^^^^^^^^^^^^^^^^^^^^^^^^^^^^^^^^^^^^^^\n  File \"/opt/hostedtoolcache/Python/3.11.13/x64/lib/python3.11/site-packages/selenium/webdriver/remote/webdriver.py\", line 926, in find_element\n    return self.execute(Command.FIND_ELEMENT, {\"using\": by, \"value\": value})[\"value\"]\n           ^^^^^^^^^^^^^^^^^^^^^^^^^^^^^^^^^^^^^^^^^^^^^^^^^^^^^^^^^^^^^^^^^\n  File \"/opt/hostedtoolcache/Python/3.11.13/x64/lib/python3.11/site-packages/selenium/webdriver/remote/webdriver.py\", line 458, in execute\n    self.error_handler.check_response(response)\n  File \"/opt/hostedtoolcache/Python/3.11.13/x64/lib/python3.11/site-packages/selenium/webdriver/remote/errorhandler.py\", line 232, in check_response\n    raise exception_class(message, screen, stacktrace)\n","steps":[],"attachments":[],"parameters":[],"stepsCount":0,"shouldDisplayMessage":true,"attachmentsCount":0,"hasContent":true,"attachmentStep":false}],"attachments":[{"uid":"b5984f3b6db424d9","name":"stdout","source":"b5984f3b6db424d9.txt","type":"text/plain","size":48}],"parameters":[],"stepsCount":2,"shouldDisplayMessage":true,"attachmentsCount":1,"hasContent":true,"attachmentStep":false},"afterStages":[{"name":"_unittest_setUpClass_fixture_ExampleTestCase::0","time":{"start":1757064429435,"stop":1757064429435,"duration":0},"status":"passed","steps":[],"attachments":[],"parameters":[],"stepsCount":0,"shouldDisplayMessage":false,"attachmentsCount":0,"hasContent":false,"attachmentStep":false}],"labels":[{"name":"severity","value":"normal"},{"name":"feature","value":"UI Functional Tests"},{"name":"tag","value":"ui"},{"name":"tag","value":"settings"},{"name":"epic","value":"Ollama UI Automation"},{"name":"parentSuite","value":"tests"},{"name":"suite","value":"test_example"},{"name":"subSuite","value":"ExampleTestCase"},{"name":"host","value":"pkrvm7jw40e0xgp"},{"name":"thread","value":"2693-MainThread"},{"name":"framework","value":"pytest"},{"name":"language","value":"cpython3"},{"name":"package","value":"tests.test_example"},{"name":"resultFormat","value":"allure2"}],"parameters":[],"links":[],"hidden":false,"retry":false,"extra":{"severity":"normal","retries":[{"uid":"288ef0894bb6999a","status":"passed","time":{"start":1757064413959,"stop":1757064419501,"duration":5542}},{"uid":"ed8aa36edce291c6","status":"passed","time":{"start":1757064412432,"stop":1757064422047,"duration":9615}},{"uid":"7387861e95c8dbd","status":"broken","statusDetails":"selenium.common.exceptions.NoSuchElementException: Message: no such element: Unable to locate element: {\"method\":\"css selector\",\"selector\":\"[id=\"radix-:Rln7mjt6:\"]\"}\n  (Session info: chrome=139.0.7258.154); For documentation on this error, please visit: https://www.selenium.dev/documentation/webdriver/troubleshooting/errors#nosuchelementexception\nStacktrace:\n#0 0x55de444cc08a <unknown>\n#1 0x55de43f6ba70 <unknown>\n#2 0x55de43fbd907 <unknown>\n#3 0x55de43fbdb01 <unknown>\n#4 0x55de4400bd54 <unknown>\n#5 0x55de43fe340d <unknown>\n#6 0x55de4400914f <unknown>\n#7 0x55de43fe31b3 <unknown>\n#8 0x55de43faf59b <unknown>\n#9 0x55de43fb0971 <unknown>\n#10 0x55de4449125b <unknown>\n#11 0x55de44494fa9 <unknown>\n#12 0x55de44478339 <unknown>\n#13 0x55de44495b58 <unknown>\n#14 0x55de4445cc1f <unknown>\n#15 0x55de444b9118 <unknown>\n#16 0x55de444b92f6 <unknown>\n#17 0x55de444cb066 <unknown>\n#18 0x7f9e2689caa4 <unknown>\n#19 0x7f9e26929c3c <unknown>","time":{"start":1757064412112,"stop":1757064418222,"duration":6110}},{"uid":"cf5ba0a313ed12d8","status":"broken","statusDetails":"selenium.common.exceptions.NoSuchElementException: Message: Unable to locate element: [id=\"radix-:Rln7mjt6:\"]; For documentation on this error, please visit: https://www.selenium.dev/documentation/webdriver/troubleshooting/errors#nosuchelementexception\nStacktrace:\nRemoteError@chrome://remote/content/shared/RemoteError.sys.mjs:8:8\nWebDriverError@chrome://remote/content/shared/webdriver/Errors.sys.mjs:199:5\nNoSuchElementError@chrome://remote/content/shared/webdriver/Errors.sys.mjs:552:5\ndom.find/</<@chrome://remote/content/shared/DOM.sys.mjs:136:16","time":{"start":1757064410654,"stop":1757064416673,"duration":6019}},{"uid":"fa4e0297e6e423f0","status":"broken","statusDetails":"selenium.common.exceptions.NoSuchElementException: Message: no such element: Unable to locate element: {\"method\":\"css selector\",\"selector\":\"[id=\"radix-:Rln7mjt6:\"]\"}\n  (Session info: chrome=139.0.7258.154); For documentation on this error, please visit: https://www.selenium.dev/documentation/webdriver/troubleshooting/errors#nosuchelementexception\nStacktrace:\n#0 0x557cfc5a208a <unknown>\n#1 0x557cfc041a70 <unknown>\n#2 0x557cfc093907 <unknown>\n#3 0x557cfc093b01 <unknown>\n#4 0x557cfc0e1d54 <unknown>\n#5 0x557cfc0b940d <unknown>\n#6 0x557cfc0df14f <unknown>\n#7 0x557cfc0b91b3 <unknown>\n#8 0x557cfc08559b <unknown>\n#9 0x557cfc086971 <unknown>\n#10 0x557cfc56725b <unknown>\n#11 0x557cfc56afa9 <unknown>\n#12 0x557cfc54e339 <unknown>\n#13 0x557cfc56bb58 <unknown>\n#14 0x557cfc532c1f <unknown>\n#15 0x557cfc58f118 <unknown>\n#16 0x557cfc58f2f6 <unknown>\n#17 0x557cfc5a1066 <unknown>\n#18 0x7f1580e9caa4 <unknown>\n#19 0x7f1580f29c3c <unknown>","time":{"start":1757064407304,"stop":1757064420800,"duration":13496}}],"categories":[{"name":"Test defects","matchedStatuses":[],"flaky":false}],"tags":["settings","ui"]},"source":"2baf00248dd4546.json","parameterValues":[]}