{"uid":"7387861e95c8dbd","name":"Change User Name","fullName":"tests.test_example.ExampleTestCase#test_change_name","historyId":"401c7467121e7dc775efa0719d6717a6","time":{"start":1757064412112,"stop":1757064418222,"duration":6110},"description":"This test changes the user name and verifies the update is reflected.","descriptionHtml":"<p>This test changes the user name and verifies the update is reflected.</p>\n","status":"broken","statusMessage":"selenium.common.exceptions.NoSuchElementException: Message: no such element: Unable to locate element: {\"method\":\"css selector\",\"selector\":\"[id=\"radix-:Rln7mjt6:\"]\"}\n  (Session info: chrome=139.0.7258.154); For documentation on this error, please visit: https://www.selenium.dev/documentation/webdriver/troubleshooting/errors#nosuchelementexception\nStacktrace:\n#0 0x55de444cc08a <unknown>\n#1 0x55de43f6ba70 <unknown>\n#2 0x55de43fbd907 <unknown>\n#3 0x55de43fbdb01 <unknown>\n#4 0x55de4400bd54 <unknown>\n#5 0x55de43fe340d <unknown>\n#6 0x55de4400914f <unknown>\n#7 0x55de43fe31b3 <unknown>\n#8 0x55de43faf59b <unknown>\n#9 0x55de43fb0971 <unknown>\n#10 0x55de4449125b <unknown>\n#11 0x55de44494fa9 <unknown>\n#12 0x55de44478339 <unknown>\n#13 0x55de44495b58 <unknown>\n#14 0x55de4445cc1f <unknown>\n#15 0x55de444b9118 <unknown>\n#16 0x55de444b92f6 <unknown>\n#17 0x55de444cb066 <unknown>\n#18 0x7f9e2689caa4 <unknown>\n#19 0x7f9e26929c3c <unknown>","statusTrace":"tests/test_example.py:78: in test_change_name\n    changed = self.page.change_name(\"hamad\")\n              ^^^^^^^^^^^^^^^^^^^^^^^^^^^^^^\nutilits/POM_helper_class.py:63: in change_name\n    self.driver.find_element(*self.PROFILE_BUTTON).click()\n    ^^^^^^^^^^^^^^^^^^^^^^^^^^^^^^^^^^^^^^^^^^^^^^\n/opt/hostedtoolcache/Python/3.11.13/x64/lib/python3.11/site-packages/selenium/webdriver/remote/webdriver.py:926: in find_element\n    return self.execute(Command.FIND_ELEMENT, {\"using\": by, \"value\": value})[\"value\"]\n           ^^^^^^^^^^^^^^^^^^^^^^^^^^^^^^^^^^^^^^^^^^^^^^^^^^^^^^^^^^^^^^^^^\n/opt/hostedtoolcache/Python/3.11.13/x64/lib/python3.11/site-packages/selenium/webdriver/remote/webdriver.py:458: in execute\n    self.error_handler.check_response(response)\n/opt/hostedtoolcache/Python/3.11.13/x64/lib/python3.11/site-packages/selenium/webdriver/remote/errorhandler.py:232: in check_response\n    raise exception_class(message, screen, stacktrace)\nE   selenium.common.exceptions.NoSuchElementException: Message: no such element: Unable to locate element: {\"method\":\"css selector\",\"selector\":\"[id=\"radix-:Rln7mjt6:\"]\"}\nE     (Session info: chrome=139.0.7258.154); For documentation on this error, please visit: https://www.selenium.dev/documentation/webdriver/troubleshooting/errors#nosuchelementexception\nE   Stacktrace:\nE   #0 0x55de444cc08a <unknown>\nE   #1 0x55de43f6ba70 <unknown>\nE   #2 0x55de43fbd907 <unknown>\nE   #3 0x55de43fbdb01 <unknown>\nE   #4 0x55de4400bd54 <unknown>\nE   #5 0x55de43fe340d <unknown>\nE   #6 0x55de4400914f <unknown>\nE   #7 0x55de43fe31b3 <unknown>\nE   #8 0x55de43faf59b <unknown>\nE   #9 0x55de43fb0971 <unknown>\nE   #10 0x55de4449125b <unknown>\nE   #11 0x55de44494fa9 <unknown>\nE   #12 0x55de44478339 <unknown>\nE   #13 0x55de44495b58 <unknown>\nE   #14 0x55de4445cc1f <unknown>\nE   #15 0x55de444b9118 <unknown>\nE   #16 0x55de444b92f6 <unknown>\nE   #17 0x55de444cb066 <unknown>\nE   #18 0x7f9e2689caa4 <unknown>\nE   #19 0x7f9e26929c3c <unknown>","flaky":false,"newFailed":false,"newBroken":false,"newPassed":false,"retriesCount":0,"retriesStatusChange":false,"beforeStages":[{"name":"base_url","time":{"start":1757064412111,"stop":1757064412111,"duration":0},"status":"passed","steps":[],"attachments":[],"parameters":[],"stepsCount":0,"shouldDisplayMessage":false,"attachmentsCount":0,"hasContent":false,"attachmentStep":false},{"name":"_verify_url","time":{"start":1757064412111,"stop":1757064412111,"duration":0},"status":"passed","steps":[],"attachments":[],"parameters":[],"stepsCount":0,"shouldDisplayMessage":false,"attachmentsCount":0,"hasContent":false,"attachmentStep":false},{"name":"_unittest_setUpClass_fixture_ExampleTestCase","time":{"start":1757064412112,"stop":1757064412112,"duration":0},"status":"passed","steps":[],"attachments":[],"parameters":[],"stepsCount":0,"shouldDisplayMessage":false,"attachmentsCount":0,"hasContent":false,"attachmentStep":false},{"name":"sensitive_url","time":{"start":1757064412112,"stop":1757064412112,"duration":0},"status":"passed","steps":[],"attachments":[],"parameters":[],"stepsCount":0,"shouldDisplayMessage":false,"attachmentsCount":0,"hasContent":false,"attachmentStep":false},{"name":"_skip_sensitive","time":{"start":1757064412112,"stop":1757064412112,"duration":0},"status":"passed","steps":[],"attachments":[],"parameters":[],"stepsCount":0,"shouldDisplayMessage":false,"attachmentsCount":0,"hasContent":false,"attachmentStep":false}],"testStage":{"description":"This test changes the user name and verifies the update is reflected.","status":"broken","statusMessage":"selenium.common.exceptions.NoSuchElementException: Message: no such element: Unable to locate element: {\"method\":\"css selector\",\"selector\":\"[id=\"radix-:Rln7mjt6:\"]\"}\n  (Session info: chrome=139.0.7258.154); For documentation on this error, please visit: https://www.selenium.dev/documentation/webdriver/troubleshooting/errors#nosuchelementexception\nStacktrace:\n#0 0x55de444cc08a <unknown>\n#1 0x55de43f6ba70 <unknown>\n#2 0x55de43fbd907 <unknown>\n#3 0x55de43fbdb01 <unknown>\n#4 0x55de4400bd54 <unknown>\n#5 0x55de43fe340d <unknown>\n#6 0x55de4400914f <unknown>\n#7 0x55de43fe31b3 <unknown>\n#8 0x55de43faf59b <unknown>\n#9 0x55de43fb0971 <unknown>\n#10 0x55de4449125b <unknown>\n#11 0x55de44494fa9 <unknown>\n#12 0x55de44478339 <unknown>\n#13 0x55de44495b58 <unknown>\n#14 0x55de4445cc1f <unknown>\n#15 0x55de444b9118 <unknown>\n#16 0x55de444b92f6 <unknown>\n#17 0x55de444cb066 <unknown>\n#18 0x7f9e2689caa4 <unknown>\n#19 0x7f9e26929c3c <unknown>","statusTrace":"tests/test_example.py:78: in test_change_name\n    changed = self.page.change_name(\"hamad\")\n              ^^^^^^^^^^^^^^^^^^^^^^^^^^^^^^\nutilits/POM_helper_class.py:63: in change_name\n    self.driver.find_element(*self.PROFILE_BUTTON).click()\n    ^^^^^^^^^^^^^^^^^^^^^^^^^^^^^^^^^^^^^^^^^^^^^^\n/opt/hostedtoolcache/Python/3.11.13/x64/lib/python3.11/site-packages/selenium/webdriver/remote/webdriver.py:926: in find_element\n    return self.execute(Command.FIND_ELEMENT, {\"using\": by, \"value\": value})[\"value\"]\n           ^^^^^^^^^^^^^^^^^^^^^^^^^^^^^^^^^^^^^^^^^^^^^^^^^^^^^^^^^^^^^^^^^\n/opt/hostedtoolcache/Python/3.11.13/x64/lib/python3.11/site-packages/selenium/webdriver/remote/webdriver.py:458: in execute\n    self.error_handler.check_response(response)\n/opt/hostedtoolcache/Python/3.11.13/x64/lib/python3.11/site-packages/selenium/webdriver/remote/errorhandler.py:232: in check_response\n    raise exception_class(message, screen, stacktrace)\nE   selenium.common.exceptions.NoSuchElementException: Message: no such element: Unable to locate element: {\"method\":\"css selector\",\"selector\":\"[id=\"radix-:Rln7mjt6:\"]\"}\nE     (Session info: chrome=139.0.7258.154); For documentation on this error, please visit: https://www.selenium.dev/documentation/webdriver/troubleshooting/errors#nosuchelementexception\nE   Stacktrace:\nE   #0 0x55de444cc08a <unknown>\nE   #1 0x55de43f6ba70 <unknown>\nE   #2 0x55de43fbd907 <unknown>\nE   #3 0x55de43fbdb01 <unknown>\nE   #4 0x55de4400bd54 <unknown>\nE   #5 0x55de43fe340d <unknown>\nE   #6 0x55de4400914f <unknown>\nE   #7 0x55de43fe31b3 <unknown>\nE   #8 0x55de43faf59b <unknown>\nE   #9 0x55de43fb0971 <unknown>\nE   #10 0x55de4449125b <unknown>\nE   #11 0x55de44494fa9 <unknown>\nE   #12 0x55de44478339 <unknown>\nE   #13 0x55de44495b58 <unknown>\nE   #14 0x55de4445cc1f <unknown>\nE   #15 0x55de444b9118 <unknown>\nE   #16 0x55de444b92f6 <unknown>\nE   #17 0x55de444cb066 <unknown>\nE   #18 0x7f9e2689caa4 <unknown>\nE   #19 0x7f9e26929c3c <unknown>","steps":[{"name":"Navigate to Ollama UI","time":{"start":1757064414902,"stop":1757064416055,"duration":1153},"status":"passed","steps":[],"attachments":[],"parameters":[],"stepsCount":0,"shouldDisplayMessage":false,"attachmentsCount":0,"hasContent":false,"attachmentStep":false},{"name":"Change user name to 'hamad'","time":{"start":1757064416055,"stop":1757064418159,"duration":2104},"status":"broken","statusMessage":"selenium.common.exceptions.NoSuchElementException: Message: no such element: Unable to locate element: {\"method\":\"css selector\",\"selector\":\"[id=\"radix-:Rln7mjt6:\"]\"}\n  (Session info: chrome=139.0.7258.154); For documentation on this error, please visit: https://www.selenium.dev/documentation/webdriver/troubleshooting/errors#nosuchelementexception\nStacktrace:\n#0 0x55de444cc08a <unknown>\n#1 0x55de43f6ba70 <unknown>\n#2 0x55de43fbd907 <unknown>\n#3 0x55de43fbdb01 <unknown>\n#4 0x55de4400bd54 <unknown>\n#5 0x55de43fe340d <unknown>\n#6 0x55de4400914f <unknown>\n#7 0x55de43fe31b3 <unknown>\n#8 0x55de43faf59b <unknown>\n#9 0x55de43fb0971 <unknown>\n#10 0x55de4449125b <unknown>\n#11 0x55de44494fa9 <unknown>\n#12 0x55de44478339 <unknown>\n#13 0x55de44495b58 <unknown>\n#14 0x55de4445cc1f <unknown>\n#15 0x55de444b9118 <unknown>\n#16 0x55de444b92f6 <unknown>\n#17 0x55de444cb066 <unknown>\n#18 0x7f9e2689caa4 <unknown>\n#19 0x7f9e26929c3c <unknown>\n\n","statusTrace":"  File \"/home/runner/work/OllamaUI/OllamaUI/tests/test_example.py\", line 78, in test_change_name\n    changed = self.page.change_name(\"hamad\")\n              ^^^^^^^^^^^^^^^^^^^^^^^^^^^^^^\n  File \"/home/runner/work/OllamaUI/OllamaUI/utilits/POM_helper_class.py\", line 63, in change_name\n    self.driver.find_element(*self.PROFILE_BUTTON).click()\n    ^^^^^^^^^^^^^^^^^^^^^^^^^^^^^^^^^^^^^^^^^^^^^^\n  File \"/opt/hostedtoolcache/Python/3.11.13/x64/lib/python3.11/site-packages/selenium/webdriver/remote/webdriver.py\", line 926, in find_element\n    return self.execute(Command.FIND_ELEMENT, {\"using\": by, \"value\": value})[\"value\"]\n           ^^^^^^^^^^^^^^^^^^^^^^^^^^^^^^^^^^^^^^^^^^^^^^^^^^^^^^^^^^^^^^^^^\n  File \"/opt/hostedtoolcache/Python/3.11.13/x64/lib/python3.11/site-packages/selenium/webdriver/remote/webdriver.py\", line 458, in execute\n    self.error_handler.check_response(response)\n  File \"/opt/hostedtoolcache/Python/3.11.13/x64/lib/python3.11/site-packages/selenium/webdriver/remote/errorhandler.py\", line 232, in check_response\n    raise exception_class(message, screen, stacktrace)\n","steps":[],"attachments":[],"parameters":[],"stepsCount":0,"shouldDisplayMessage":true,"attachmentsCount":0,"hasContent":true,"attachmentStep":false}],"attachments":[{"uid":"5ddd1084cd197949","name":"stdout","source":"5ddd1084cd197949.txt","type":"text/plain","size":48}],"parameters":[],"stepsCount":2,"shouldDisplayMessage":true,"attachmentsCount":1,"hasContent":true,"attachmentStep":false},"afterStages":[{"name":"_unittest_setUpClass_fixture_ExampleTestCase::0","time":{"start":1757064421790,"stop":1757064421790,"duration":0},"status":"passed","steps":[],"attachments":[],"parameters":[],"stepsCount":0,"shouldDisplayMessage":false,"attachmentsCount":0,"hasContent":false,"attachmentStep":false}],"labels":[{"name":"epic","value":"Ollama UI Automation"},{"name":"tag","value":"settings"},{"name":"feature","value":"UI Functional Tests"},{"name":"severity","value":"normal"},{"name":"tag","value":"ui"},{"name":"parentSuite","value":"tests"},{"name":"suite","value":"test_example"},{"name":"subSuite","value":"ExampleTestCase"},{"name":"host","value":"pkrvm7jw40e0xgp"},{"name":"thread","value":"2501-MainThread"},{"name":"framework","value":"pytest"},{"name":"language","value":"cpython3"},{"name":"package","value":"tests.test_example"},{"name":"resultFormat","value":"allure2"}],"parameters":[],"links":[],"hidden":true,"retry":true,"extra":{"categories":[],"tags":["settings","ui"]},"source":"7387861e95c8dbd.json","parameterValues":[]}