{"uid":"7aadc639ec31d7ef","name":"test_change_name","fullName":"tests.test_example.ExampleTestCase#test_change_name","historyId":"401c7467121e7dc775efa0719d6717a6","time":{"start":1756992340391,"stop":1756992344527,"duration":4136},"status":"broken","statusMessage":"selenium.common.exceptions.ElementNotInteractableException: Message: Element <button id=\"radix-:r0:\" class=\"whitespace-nowrap rounded-md transition-colors focus-visible:outline-none focus-visible:ring-1 focus-visible:ring-ring disabled:pointer-events-none disabled:opacity-50 hover:bg-accent hover:text-accent-foreground px-4 py-2 flex justify-start gap-3 w-full h-14 text-base font-normal items-center\" type=\"button\"> could not be scrolled into view; For documentation on this error, please visit: https://www.selenium.dev/documentation/webdriver/troubleshooting/errors#elementnotinteractableexception\nStacktrace:\nRemoteError@chrome://remote/content/shared/RemoteError.sys.mjs:8:8\nWebDriverError@chrome://remote/content/shared/webdriver/Errors.sys.mjs:199:5\nElementNotInteractableError@chrome://remote/content/shared/webdriver/Errors.sys.mjs:368:5\nwebdriverClickElement@chrome://remote/content/marionette/interaction.sys.mjs:165:11\ninteraction.clickElement@chrome://remote/content/marionette/interaction.sys.mjs:134:11\nclickElement@chrome://remote/content/marionette/actors/MarionetteCommandsChild.sys.mjs:327:29\nreceiveMessage@chrome://remote/content/marionette/actors/MarionetteCommandsChild.sys.mjs:210:31","statusTrace":"tests/test_example.py:56: in test_change_name\n    changed = self.page.change_name(\"hamad\")\n              ^^^^^^^^^^^^^^^^^^^^^^^^^^^^^^\nutilits/POM_helper_class.py:61: in change_name\n    self.driver.find_element(*self.mobile_button).click()\n/opt/hostedtoolcache/Python/3.11.13/x64/lib/python3.11/site-packages/selenium/webdriver/remote/webelement.py:120: in click\n    self._execute(Command.CLICK_ELEMENT)\n/opt/hostedtoolcache/Python/3.11.13/x64/lib/python3.11/site-packages/selenium/webdriver/remote/webelement.py:573: in _execute\n    return self._parent.execute(command, params)\n           ^^^^^^^^^^^^^^^^^^^^^^^^^^^^^^^^^^^^^\n/opt/hostedtoolcache/Python/3.11.13/x64/lib/python3.11/site-packages/selenium/webdriver/remote/webdriver.py:458: in execute\n    self.error_handler.check_response(response)\n/opt/hostedtoolcache/Python/3.11.13/x64/lib/python3.11/site-packages/selenium/webdriver/remote/errorhandler.py:232: in check_response\n    raise exception_class(message, screen, stacktrace)\nE   selenium.common.exceptions.ElementNotInteractableException: Message: Element <button id=\"radix-:r0:\" class=\"whitespace-nowrap rounded-md transition-colors focus-visible:outline-none focus-visible:ring-1 focus-visible:ring-ring disabled:pointer-events-none disabled:opacity-50 hover:bg-accent hover:text-accent-foreground px-4 py-2 flex justify-start gap-3 w-full h-14 text-base font-normal items-center\" type=\"button\"> could not be scrolled into view; For documentation on this error, please visit: https://www.selenium.dev/documentation/webdriver/troubleshooting/errors#elementnotinteractableexception\nE   Stacktrace:\nE   RemoteError@chrome://remote/content/shared/RemoteError.sys.mjs:8:8\nE   WebDriverError@chrome://remote/content/shared/webdriver/Errors.sys.mjs:199:5\nE   ElementNotInteractableError@chrome://remote/content/shared/webdriver/Errors.sys.mjs:368:5\nE   webdriverClickElement@chrome://remote/content/marionette/interaction.sys.mjs:165:11\nE   interaction.clickElement@chrome://remote/content/marionette/interaction.sys.mjs:134:11\nE   clickElement@chrome://remote/content/marionette/actors/MarionetteCommandsChild.sys.mjs:327:29\nE   receiveMessage@chrome://remote/content/marionette/actors/MarionetteCommandsChild.sys.mjs:210:31","flaky":false,"newFailed":false,"newBroken":false,"newPassed":false,"retriesCount":0,"retriesStatusChange":false,"beforeStages":[{"name":"base_url","time":{"start":1756992340390,"stop":1756992340390,"duration":0},"status":"passed","steps":[],"attachments":[],"parameters":[],"stepsCount":0,"shouldDisplayMessage":false,"attachmentsCount":0,"hasContent":false,"attachmentStep":false},{"name":"_verify_url","time":{"start":1756992340390,"stop":1756992340390,"duration":0},"status":"passed","steps":[],"attachments":[],"parameters":[],"stepsCount":0,"shouldDisplayMessage":false,"attachmentsCount":0,"hasContent":false,"attachmentStep":false},{"name":"_unittest_setUpClass_fixture_ExampleTestCase","time":{"start":1756992340391,"stop":1756992340391,"duration":0},"status":"passed","steps":[],"attachments":[],"parameters":[],"stepsCount":0,"shouldDisplayMessage":false,"attachmentsCount":0,"hasContent":false,"attachmentStep":false},{"name":"sensitive_url","time":{"start":1756992340391,"stop":1756992340391,"duration":0},"status":"passed","steps":[],"attachments":[],"parameters":[],"stepsCount":0,"shouldDisplayMessage":false,"attachmentsCount":0,"hasContent":false,"attachmentStep":false},{"name":"_skip_sensitive","time":{"start":1756992340391,"stop":1756992340391,"duration":0},"status":"passed","steps":[],"attachments":[],"parameters":[],"stepsCount":0,"shouldDisplayMessage":false,"attachmentsCount":0,"hasContent":false,"attachmentStep":false}],"testStage":{"status":"broken","statusMessage":"selenium.common.exceptions.ElementNotInteractableException: Message: Element <button id=\"radix-:r0:\" class=\"whitespace-nowrap rounded-md transition-colors focus-visible:outline-none focus-visible:ring-1 focus-visible:ring-ring disabled:pointer-events-none disabled:opacity-50 hover:bg-accent hover:text-accent-foreground px-4 py-2 flex justify-start gap-3 w-full h-14 text-base font-normal items-center\" type=\"button\"> could not be scrolled into view; For documentation on this error, please visit: https://www.selenium.dev/documentation/webdriver/troubleshooting/errors#elementnotinteractableexception\nStacktrace:\nRemoteError@chrome://remote/content/shared/RemoteError.sys.mjs:8:8\nWebDriverError@chrome://remote/content/shared/webdriver/Errors.sys.mjs:199:5\nElementNotInteractableError@chrome://remote/content/shared/webdriver/Errors.sys.mjs:368:5\nwebdriverClickElement@chrome://remote/content/marionette/interaction.sys.mjs:165:11\ninteraction.clickElement@chrome://remote/content/marionette/interaction.sys.mjs:134:11\nclickElement@chrome://remote/content/marionette/actors/MarionetteCommandsChild.sys.mjs:327:29\nreceiveMessage@chrome://remote/content/marionette/actors/MarionetteCommandsChild.sys.mjs:210:31","statusTrace":"tests/test_example.py:56: in test_change_name\n    changed = self.page.change_name(\"hamad\")\n              ^^^^^^^^^^^^^^^^^^^^^^^^^^^^^^\nutilits/POM_helper_class.py:61: in change_name\n    self.driver.find_element(*self.mobile_button).click()\n/opt/hostedtoolcache/Python/3.11.13/x64/lib/python3.11/site-packages/selenium/webdriver/remote/webelement.py:120: in click\n    self._execute(Command.CLICK_ELEMENT)\n/opt/hostedtoolcache/Python/3.11.13/x64/lib/python3.11/site-packages/selenium/webdriver/remote/webelement.py:573: in _execute\n    return self._parent.execute(command, params)\n           ^^^^^^^^^^^^^^^^^^^^^^^^^^^^^^^^^^^^^\n/opt/hostedtoolcache/Python/3.11.13/x64/lib/python3.11/site-packages/selenium/webdriver/remote/webdriver.py:458: in execute\n    self.error_handler.check_response(response)\n/opt/hostedtoolcache/Python/3.11.13/x64/lib/python3.11/site-packages/selenium/webdriver/remote/errorhandler.py:232: in check_response\n    raise exception_class(message, screen, stacktrace)\nE   selenium.common.exceptions.ElementNotInteractableException: Message: Element <button id=\"radix-:r0:\" class=\"whitespace-nowrap rounded-md transition-colors focus-visible:outline-none focus-visible:ring-1 focus-visible:ring-ring disabled:pointer-events-none disabled:opacity-50 hover:bg-accent hover:text-accent-foreground px-4 py-2 flex justify-start gap-3 w-full h-14 text-base font-normal items-center\" type=\"button\"> could not be scrolled into view; For documentation on this error, please visit: https://www.selenium.dev/documentation/webdriver/troubleshooting/errors#elementnotinteractableexception\nE   Stacktrace:\nE   RemoteError@chrome://remote/content/shared/RemoteError.sys.mjs:8:8\nE   WebDriverError@chrome://remote/content/shared/webdriver/Errors.sys.mjs:199:5\nE   ElementNotInteractableError@chrome://remote/content/shared/webdriver/Errors.sys.mjs:368:5\nE   webdriverClickElement@chrome://remote/content/marionette/interaction.sys.mjs:165:11\nE   interaction.clickElement@chrome://remote/content/marionette/interaction.sys.mjs:134:11\nE   clickElement@chrome://remote/content/marionette/actors/MarionetteCommandsChild.sys.mjs:327:29\nE   receiveMessage@chrome://remote/content/marionette/actors/MarionetteCommandsChild.sys.mjs:210:31","steps":[],"attachments":[{"uid":"23f0c233cbdc4b30","name":"stdout","source":"23f0c233cbdc4b30.txt","type":"text/plain","size":46}],"parameters":[],"stepsCount":0,"shouldDisplayMessage":true,"attachmentsCount":1,"hasContent":true,"attachmentStep":false},"afterStages":[{"name":"_unittest_setUpClass_fixture_ExampleTestCase::0","time":{"start":1756992354155,"stop":1756992354155,"duration":0},"status":"passed","steps":[],"attachments":[],"parameters":[],"stepsCount":0,"shouldDisplayMessage":false,"attachmentsCount":0,"hasContent":false,"attachmentStep":false}],"labels":[{"name":"parentSuite","value":"tests"},{"name":"suite","value":"test_example"},{"name":"subSuite","value":"ExampleTestCase"},{"name":"host","value":"pkrvm7jw40e0xgp"},{"name":"thread","value":"2605-MainThread"},{"name":"framework","value":"pytest"},{"name":"language","value":"cpython3"},{"name":"package","value":"tests.test_example"},{"name":"resultFormat","value":"allure2"}],"parameters":[],"links":[],"hidden":true,"retry":true,"extra":{"categories":[],"tags":[]},"source":"7aadc639ec31d7ef.json","parameterValues":[]}