{"uid":"bbfc06b3809550ab","name":"test_send_message","fullName":"tests.test_example.ExampleTestCase#test_send_message","historyId":"3bc4f3765c9b31fcf733254dd25c049d","time":{"start":1756992348802,"stop":1756992352211,"duration":3409},"status":"broken","statusMessage":"selenium.common.exceptions.NoSuchElementException: Message: no such element: Unable to locate element: {\"method\":\"xpath\",\"selector\":\"//*[text()='gemma3:1b']\"}\n  (Session info: chrome=139.0.7258.154); For documentation on this error, please visit: https://www.selenium.dev/documentation/webdriver/troubleshooting/errors#nosuchelementexception\nStacktrace:\n#0 0x564b3c68508a <unknown>\n#1 0x564b3c124a70 <unknown>\n#2 0x564b3c176907 <unknown>\n#3 0x564b3c176b01 <unknown>\n#4 0x564b3c1c4d54 <unknown>\n#5 0x564b3c19c40d <unknown>\n#6 0x564b3c1c214f <unknown>\n#7 0x564b3c19c1b3 <unknown>\n#8 0x564b3c16859b <unknown>\n#9 0x564b3c169971 <unknown>\n#10 0x564b3c64a25b <unknown>\n#11 0x564b3c64dfa9 <unknown>\n#12 0x564b3c631339 <unknown>\n#13 0x564b3c64eb58 <unknown>\n#14 0x564b3c615c1f <unknown>\n#15 0x564b3c672118 <unknown>\n#16 0x564b3c6722f6 <unknown>\n#17 0x564b3c684066 <unknown>\n#18 0x7f975ee9caa4 <unknown>\n#19 0x7f975ef29c3c <unknown>","statusTrace":"tests/test_example.py:49: in test_send_message\n    self.page.select_model(\"gemma3:1b\")\nutilits/POM_helper_class.py:38: in select_model\n    self.driver.find_element(By.XPATH, f\"//*[text()='{model_name}']\").click()\n    ^^^^^^^^^^^^^^^^^^^^^^^^^^^^^^^^^^^^^^^^^^^^^^^^^^^^^^^^^^^^^^^^^\n/opt/hostedtoolcache/Python/3.11.13/x64/lib/python3.11/site-packages/selenium/webdriver/remote/webdriver.py:926: in find_element\n    return self.execute(Command.FIND_ELEMENT, {\"using\": by, \"value\": value})[\"value\"]\n           ^^^^^^^^^^^^^^^^^^^^^^^^^^^^^^^^^^^^^^^^^^^^^^^^^^^^^^^^^^^^^^^^^\n/opt/hostedtoolcache/Python/3.11.13/x64/lib/python3.11/site-packages/selenium/webdriver/remote/webdriver.py:458: in execute\n    self.error_handler.check_response(response)\n/opt/hostedtoolcache/Python/3.11.13/x64/lib/python3.11/site-packages/selenium/webdriver/remote/errorhandler.py:232: in check_response\n    raise exception_class(message, screen, stacktrace)\nE   selenium.common.exceptions.NoSuchElementException: Message: no such element: Unable to locate element: {\"method\":\"xpath\",\"selector\":\"//*[text()='gemma3:1b']\"}\nE     (Session info: chrome=139.0.7258.154); For documentation on this error, please visit: https://www.selenium.dev/documentation/webdriver/troubleshooting/errors#nosuchelementexception\nE   Stacktrace:\nE   #0 0x564b3c68508a <unknown>\nE   #1 0x564b3c124a70 <unknown>\nE   #2 0x564b3c176907 <unknown>\nE   #3 0x564b3c176b01 <unknown>\nE   #4 0x564b3c1c4d54 <unknown>\nE   #5 0x564b3c19c40d <unknown>\nE   #6 0x564b3c1c214f <unknown>\nE   #7 0x564b3c19c1b3 <unknown>\nE   #8 0x564b3c16859b <unknown>\nE   #9 0x564b3c169971 <unknown>\nE   #10 0x564b3c64a25b <unknown>\nE   #11 0x564b3c64dfa9 <unknown>\nE   #12 0x564b3c631339 <unknown>\nE   #13 0x564b3c64eb58 <unknown>\nE   #14 0x564b3c615c1f <unknown>\nE   #15 0x564b3c672118 <unknown>\nE   #16 0x564b3c6722f6 <unknown>\nE   #17 0x564b3c684066 <unknown>\nE   #18 0x7f975ee9caa4 <unknown>\nE   #19 0x7f975ef29c3c <unknown>","flaky":false,"newFailed":false,"newBroken":false,"newPassed":false,"retriesCount":0,"retriesStatusChange":false,"beforeStages":[{"name":"sensitive_url","time":{"start":1756992336798,"stop":1756992336798,"duration":0},"status":"passed","steps":[],"attachments":[],"parameters":[],"stepsCount":0,"shouldDisplayMessage":false,"attachmentsCount":0,"hasContent":false,"attachmentStep":false},{"name":"_unittest_setUpClass_fixture_ExampleTestCase","time":{"start":1756992336798,"stop":1756992336798,"duration":0},"status":"passed","steps":[],"attachments":[],"parameters":[],"stepsCount":0,"shouldDisplayMessage":false,"attachmentsCount":0,"hasContent":false,"attachmentStep":false},{"name":"_verify_url","time":{"start":1756992336798,"stop":1756992336798,"duration":0},"status":"passed","steps":[],"attachments":[],"parameters":[],"stepsCount":0,"shouldDisplayMessage":false,"attachmentsCount":0,"hasContent":false,"attachmentStep":false},{"name":"base_url","time":{"start":1756992336798,"stop":1756992336798,"duration":0},"status":"passed","steps":[],"attachments":[],"parameters":[],"stepsCount":0,"shouldDisplayMessage":false,"attachmentsCount":0,"hasContent":false,"attachmentStep":false},{"name":"_skip_sensitive","time":{"start":1756992348802,"stop":1756992348802,"duration":0},"status":"passed","steps":[],"attachments":[],"parameters":[],"stepsCount":0,"shouldDisplayMessage":false,"attachmentsCount":0,"hasContent":false,"attachmentStep":false}],"afterStages":[{"name":"_unittest_setUpClass_fixture_ExampleTestCase::0","time":{"start":1756992352233,"stop":1756992352233,"duration":0},"status":"passed","steps":[],"attachments":[],"parameters":[],"stepsCount":0,"shouldDisplayMessage":false,"attachmentsCount":0,"hasContent":false,"attachmentStep":false}],"labels":[{"name":"parentSuite","value":"tests"},{"name":"suite","value":"test_example"},{"name":"subSuite","value":"ExampleTestCase"},{"name":"host","value":"pkrvm7jw40e0xgp"},{"name":"thread","value":"2492-MainThread"},{"name":"framework","value":"pytest"},{"name":"language","value":"cpython3"},{"name":"package","value":"tests.test_example"},{"name":"resultFormat","value":"allure2"}],"parameters":[],"links":[],"hidden":true,"retry":true,"extra":{"categories":[],"tags":[]},"source":"bbfc06b3809550ab.json","parameterValues":[]}