{"uid":"c05c9818309b13ac","name":"test_change_name","fullName":"tests.test_example.ExampleTestCase#test_change_name","historyId":"401c7467121e7dc775efa0719d6717a6","time":{"start":1756992336799,"stop":1756992347416,"duration":10617},"status":"broken","statusMessage":"selenium.common.exceptions.NoSuchElementException: Message: no such element: Unable to locate element: {\"method\":\"css selector\",\"selector\":\"[id=\"radix-:Rln7mjt6:\"]\"}\n  (Session info: chrome=139.0.7258.154); For documentation on this error, please visit: https://www.selenium.dev/documentation/webdriver/troubleshooting/errors#nosuchelementexception\nStacktrace:\n#0 0x56027914508a <unknown>\n#1 0x560278be4a70 <unknown>\n#2 0x560278c36907 <unknown>\n#3 0x560278c36b01 <unknown>\n#4 0x560278c84d54 <unknown>\n#5 0x560278c5c40d <unknown>\n#6 0x560278c8214f <unknown>\n#7 0x560278c5c1b3 <unknown>\n#8 0x560278c2859b <unknown>\n#9 0x560278c29971 <unknown>\n#10 0x56027910a25b <unknown>\n#11 0x56027910dfa9 <unknown>\n#12 0x5602790f1339 <unknown>\n#13 0x56027910eb58 <unknown>\n#14 0x5602790d5c1f <unknown>\n#15 0x560279132118 <unknown>\n#16 0x5602791322f6 <unknown>\n#17 0x560279144066 <unknown>\n#18 0x7fdef4c9caa4 <unknown>\n#19 0x7fdef4d29c3c <unknown>","statusTrace":"tests/test_example.py:56: in test_change_name\n    changed = self.page.change_name(\"hamad\")\n              ^^^^^^^^^^^^^^^^^^^^^^^^^^^^^^\nutilits/POM_helper_class.py:63: in change_name\n    self.driver.find_element(*self.PROFILE_BUTTON).click()\n    ^^^^^^^^^^^^^^^^^^^^^^^^^^^^^^^^^^^^^^^^^^^^^^\n/opt/hostedtoolcache/Python/3.11.13/x64/lib/python3.11/site-packages/selenium/webdriver/remote/webdriver.py:926: in find_element\n    return self.execute(Command.FIND_ELEMENT, {\"using\": by, \"value\": value})[\"value\"]\n           ^^^^^^^^^^^^^^^^^^^^^^^^^^^^^^^^^^^^^^^^^^^^^^^^^^^^^^^^^^^^^^^^^\n/opt/hostedtoolcache/Python/3.11.13/x64/lib/python3.11/site-packages/selenium/webdriver/remote/webdriver.py:458: in execute\n    self.error_handler.check_response(response)\n/opt/hostedtoolcache/Python/3.11.13/x64/lib/python3.11/site-packages/selenium/webdriver/remote/errorhandler.py:232: in check_response\n    raise exception_class(message, screen, stacktrace)\nE   selenium.common.exceptions.NoSuchElementException: Message: no such element: Unable to locate element: {\"method\":\"css selector\",\"selector\":\"[id=\"radix-:Rln7mjt6:\"]\"}\nE     (Session info: chrome=139.0.7258.154); For documentation on this error, please visit: https://www.selenium.dev/documentation/webdriver/troubleshooting/errors#nosuchelementexception\nE   Stacktrace:\nE   #0 0x56027914508a <unknown>\nE   #1 0x560278be4a70 <unknown>\nE   #2 0x560278c36907 <unknown>\nE   #3 0x560278c36b01 <unknown>\nE   #4 0x560278c84d54 <unknown>\nE   #5 0x560278c5c40d <unknown>\nE   #6 0x560278c8214f <unknown>\nE   #7 0x560278c5c1b3 <unknown>\nE   #8 0x560278c2859b <unknown>\nE   #9 0x560278c29971 <unknown>\nE   #10 0x56027910a25b <unknown>\nE   #11 0x56027910dfa9 <unknown>\nE   #12 0x5602790f1339 <unknown>\nE   #13 0x56027910eb58 <unknown>\nE   #14 0x5602790d5c1f <unknown>\nE   #15 0x560279132118 <unknown>\nE   #16 0x5602791322f6 <unknown>\nE   #17 0x560279144066 <unknown>\nE   #18 0x7fdef4c9caa4 <unknown>\nE   #19 0x7fdef4d29c3c <unknown>","flaky":false,"newFailed":false,"newBroken":false,"newPassed":false,"retriesCount":0,"retriesStatusChange":false,"beforeStages":[{"name":"sensitive_url","time":{"start":1756992336798,"stop":1756992336798,"duration":0},"status":"passed","steps":[],"attachments":[],"parameters":[],"stepsCount":0,"shouldDisplayMessage":false,"attachmentsCount":0,"hasContent":false,"attachmentStep":false},{"name":"_unittest_setUpClass_fixture_ExampleTestCase","time":{"start":1756992336798,"stop":1756992336798,"duration":0},"status":"passed","steps":[],"attachments":[],"parameters":[],"stepsCount":0,"shouldDisplayMessage":false,"attachmentsCount":0,"hasContent":false,"attachmentStep":false},{"name":"_verify_url","time":{"start":1756992336798,"stop":1756992336798,"duration":0},"status":"passed","steps":[],"attachments":[],"parameters":[],"stepsCount":0,"shouldDisplayMessage":false,"attachmentsCount":0,"hasContent":false,"attachmentStep":false},{"name":"base_url","time":{"start":1756992336798,"stop":1756992336798,"duration":0},"status":"passed","steps":[],"attachments":[],"parameters":[],"stepsCount":0,"shouldDisplayMessage":false,"attachmentsCount":0,"hasContent":false,"attachmentStep":false},{"name":"_skip_sensitive","time":{"start":1756992336798,"stop":1756992336798,"duration":0},"status":"passed","steps":[],"attachments":[],"parameters":[],"stepsCount":0,"shouldDisplayMessage":false,"attachmentsCount":0,"hasContent":false,"attachmentStep":false}],"testStage":{"status":"broken","statusMessage":"selenium.common.exceptions.NoSuchElementException: Message: no such element: Unable to locate element: {\"method\":\"css selector\",\"selector\":\"[id=\"radix-:Rln7mjt6:\"]\"}\n  (Session info: chrome=139.0.7258.154); For documentation on this error, please visit: https://www.selenium.dev/documentation/webdriver/troubleshooting/errors#nosuchelementexception\nStacktrace:\n#0 0x56027914508a <unknown>\n#1 0x560278be4a70 <unknown>\n#2 0x560278c36907 <unknown>\n#3 0x560278c36b01 <unknown>\n#4 0x560278c84d54 <unknown>\n#5 0x560278c5c40d <unknown>\n#6 0x560278c8214f <unknown>\n#7 0x560278c5c1b3 <unknown>\n#8 0x560278c2859b <unknown>\n#9 0x560278c29971 <unknown>\n#10 0x56027910a25b <unknown>\n#11 0x56027910dfa9 <unknown>\n#12 0x5602790f1339 <unknown>\n#13 0x56027910eb58 <unknown>\n#14 0x5602790d5c1f <unknown>\n#15 0x560279132118 <unknown>\n#16 0x5602791322f6 <unknown>\n#17 0x560279144066 <unknown>\n#18 0x7fdef4c9caa4 <unknown>\n#19 0x7fdef4d29c3c <unknown>","statusTrace":"tests/test_example.py:56: in test_change_name\n    changed = self.page.change_name(\"hamad\")\n              ^^^^^^^^^^^^^^^^^^^^^^^^^^^^^^\nutilits/POM_helper_class.py:63: in change_name\n    self.driver.find_element(*self.PROFILE_BUTTON).click()\n    ^^^^^^^^^^^^^^^^^^^^^^^^^^^^^^^^^^^^^^^^^^^^^^\n/opt/hostedtoolcache/Python/3.11.13/x64/lib/python3.11/site-packages/selenium/webdriver/remote/webdriver.py:926: in find_element\n    return self.execute(Command.FIND_ELEMENT, {\"using\": by, \"value\": value})[\"value\"]\n           ^^^^^^^^^^^^^^^^^^^^^^^^^^^^^^^^^^^^^^^^^^^^^^^^^^^^^^^^^^^^^^^^^\n/opt/hostedtoolcache/Python/3.11.13/x64/lib/python3.11/site-packages/selenium/webdriver/remote/webdriver.py:458: in execute\n    self.error_handler.check_response(response)\n/opt/hostedtoolcache/Python/3.11.13/x64/lib/python3.11/site-packages/selenium/webdriver/remote/errorhandler.py:232: in check_response\n    raise exception_class(message, screen, stacktrace)\nE   selenium.common.exceptions.NoSuchElementException: Message: no such element: Unable to locate element: {\"method\":\"css selector\",\"selector\":\"[id=\"radix-:Rln7mjt6:\"]\"}\nE     (Session info: chrome=139.0.7258.154); For documentation on this error, please visit: https://www.selenium.dev/documentation/webdriver/troubleshooting/errors#nosuchelementexception\nE   Stacktrace:\nE   #0 0x56027914508a <unknown>\nE   #1 0x560278be4a70 <unknown>\nE   #2 0x560278c36907 <unknown>\nE   #3 0x560278c36b01 <unknown>\nE   #4 0x560278c84d54 <unknown>\nE   #5 0x560278c5c40d <unknown>\nE   #6 0x560278c8214f <unknown>\nE   #7 0x560278c5c1b3 <unknown>\nE   #8 0x560278c2859b <unknown>\nE   #9 0x560278c29971 <unknown>\nE   #10 0x56027910a25b <unknown>\nE   #11 0x56027910dfa9 <unknown>\nE   #12 0x5602790f1339 <unknown>\nE   #13 0x56027910eb58 <unknown>\nE   #14 0x5602790d5c1f <unknown>\nE   #15 0x560279132118 <unknown>\nE   #16 0x5602791322f6 <unknown>\nE   #17 0x560279144066 <unknown>\nE   #18 0x7fdef4c9caa4 <unknown>\nE   #19 0x7fdef4d29c3c <unknown>","steps":[],"attachments":[{"uid":"e03aee1f70cec83e","name":"stdout","source":"e03aee1f70cec83e.txt","type":"text/plain","size":48}],"parameters":[],"stepsCount":0,"shouldDisplayMessage":true,"attachmentsCount":1,"hasContent":true,"attachmentStep":false},"afterStages":[{"name":"_unittest_setUpClass_fixture_ExampleTestCase::0","time":{"start":1756992352233,"stop":1756992352233,"duration":0},"status":"passed","steps":[],"attachments":[],"parameters":[],"stepsCount":0,"shouldDisplayMessage":false,"attachmentsCount":0,"hasContent":false,"attachmentStep":false}],"labels":[{"name":"parentSuite","value":"tests"},{"name":"suite","value":"test_example"},{"name":"subSuite","value":"ExampleTestCase"},{"name":"host","value":"pkrvm7jw40e0xgp"},{"name":"thread","value":"2492-MainThread"},{"name":"framework","value":"pytest"},{"name":"language","value":"cpython3"},{"name":"package","value":"tests.test_example"},{"name":"resultFormat","value":"allure2"}],"parameters":[],"links":[],"hidden":true,"retry":true,"extra":{"categories":[],"tags":[]},"source":"c05c9818309b13ac.json","parameterValues":[]}