{"uid":"1d6f079a8bcf0260","name":"test_change_name","fullName":"tests.test_example.ExampleTestCase#test_change_name","historyId":"401c7467121e7dc775efa0719d6717a6","time":{"start":1756989114858,"stop":1756989120662,"duration":5804},"status":"broken","statusMessage":"selenium.common.exceptions.ElementNotInteractableException: Message: Element <button id=\"radix-:r0:\" class=\"whitespace-nowrap rounded-md transition-colors focus-visible:outline-none focus-visible:ring-1 focus-visible:ring-ring disabled:pointer-events-none disabled:opacity-50 hover:bg-accent hover:text-accent-foreground px-4 py-2 flex justify-start gap-3 w-full h-14 text-base font-normal items-center\" type=\"button\"> could not be scrolled into view; For documentation on this error, please visit: https://www.selenium.dev/documentation/webdriver/troubleshooting/errors#elementnotinteractableexception\nStacktrace:\nRemoteError@chrome://remote/content/shared/RemoteError.sys.mjs:8:8\nWebDriverError@chrome://remote/content/shared/webdriver/Errors.sys.mjs:199:5\nElementNotInteractableError@chrome://remote/content/shared/webdriver/Errors.sys.mjs:368:5\nwebdriverClickElement@chrome://remote/content/marionette/interaction.sys.mjs:165:11\ninteraction.clickElement@chrome://remote/content/marionette/interaction.sys.mjs:134:11\nclickElement@chrome://remote/content/marionette/actors/MarionetteCommandsChild.sys.mjs:327:29\nreceiveMessage@chrome://remote/content/marionette/actors/MarionetteCommandsChild.sys.mjs:210:31","statusTrace":"tests/test_example.py:56: in test_change_name\n    changed = self.page.change_name(\"hamad\")\n              ^^^^^^^^^^^^^^^^^^^^^^^^^^^^^^\nutilits/POM_helper_class.py:61: in change_name\n    self.driver.find_element(*self.mobile_button).click()\n/opt/hostedtoolcache/Python/3.11.13/x64/lib/python3.11/site-packages/selenium/webdriver/remote/webelement.py:120: in click\n    self._execute(Command.CLICK_ELEMENT)\n/opt/hostedtoolcache/Python/3.11.13/x64/lib/python3.11/site-packages/selenium/webdriver/remote/webelement.py:573: in _execute\n    return self._parent.execute(command, params)\n           ^^^^^^^^^^^^^^^^^^^^^^^^^^^^^^^^^^^^^\n/opt/hostedtoolcache/Python/3.11.13/x64/lib/python3.11/site-packages/selenium/webdriver/remote/webdriver.py:458: in execute\n    self.error_handler.check_response(response)\n/opt/hostedtoolcache/Python/3.11.13/x64/lib/python3.11/site-packages/selenium/webdriver/remote/errorhandler.py:232: in check_response\n    raise exception_class(message, screen, stacktrace)\nE   selenium.common.exceptions.ElementNotInteractableException: Message: Element <button id=\"radix-:r0:\" class=\"whitespace-nowrap rounded-md transition-colors focus-visible:outline-none focus-visible:ring-1 focus-visible:ring-ring disabled:pointer-events-none disabled:opacity-50 hover:bg-accent hover:text-accent-foreground px-4 py-2 flex justify-start gap-3 w-full h-14 text-base font-normal items-center\" type=\"button\"> could not be scrolled into view; For documentation on this error, please visit: https://www.selenium.dev/documentation/webdriver/troubleshooting/errors#elementnotinteractableexception\nE   Stacktrace:\nE   RemoteError@chrome://remote/content/shared/RemoteError.sys.mjs:8:8\nE   WebDriverError@chrome://remote/content/shared/webdriver/Errors.sys.mjs:199:5\nE   ElementNotInteractableError@chrome://remote/content/shared/webdriver/Errors.sys.mjs:368:5\nE   webdriverClickElement@chrome://remote/content/marionette/interaction.sys.mjs:165:11\nE   interaction.clickElement@chrome://remote/content/marionette/interaction.sys.mjs:134:11\nE   clickElement@chrome://remote/content/marionette/actors/MarionetteCommandsChild.sys.mjs:327:29\nE   receiveMessage@chrome://remote/content/marionette/actors/MarionetteCommandsChild.sys.mjs:210:31","flaky":false,"newFailed":false,"newBroken":false,"newPassed":false,"retriesCount":5,"retriesStatusChange":true,"beforeStages":[{"name":"_skip_sensitive","time":{"start":1756989114857,"stop":1756989114857,"duration":0},"status":"passed","steps":[],"attachments":[],"parameters":[],"stepsCount":0,"shouldDisplayMessage":false,"attachmentsCount":0,"hasContent":false,"attachmentStep":false},{"name":"base_url","time":{"start":1756989114857,"stop":1756989114857,"duration":0},"status":"passed","steps":[],"attachments":[],"parameters":[],"stepsCount":0,"shouldDisplayMessage":false,"attachmentsCount":0,"hasContent":false,"attachmentStep":false},{"name":"_unittest_setUpClass_fixture_ExampleTestCase","time":{"start":1756989114857,"stop":1756989114857,"duration":0},"status":"passed","steps":[],"attachments":[],"parameters":[],"stepsCount":0,"shouldDisplayMessage":false,"attachmentsCount":0,"hasContent":false,"attachmentStep":false},{"name":"_verify_url","time":{"start":1756989114857,"stop":1756989114857,"duration":0},"status":"passed","steps":[],"attachments":[],"parameters":[],"stepsCount":0,"shouldDisplayMessage":false,"attachmentsCount":0,"hasContent":false,"attachmentStep":false},{"name":"sensitive_url","time":{"start":1756989114857,"stop":1756989114857,"duration":0},"status":"passed","steps":[],"attachments":[],"parameters":[],"stepsCount":0,"shouldDisplayMessage":false,"attachmentsCount":0,"hasContent":false,"attachmentStep":false}],"testStage":{"status":"broken","statusMessage":"selenium.common.exceptions.ElementNotInteractableException: Message: Element <button id=\"radix-:r0:\" class=\"whitespace-nowrap rounded-md transition-colors focus-visible:outline-none focus-visible:ring-1 focus-visible:ring-ring disabled:pointer-events-none disabled:opacity-50 hover:bg-accent hover:text-accent-foreground px-4 py-2 flex justify-start gap-3 w-full h-14 text-base font-normal items-center\" type=\"button\"> could not be scrolled into view; For documentation on this error, please visit: https://www.selenium.dev/documentation/webdriver/troubleshooting/errors#elementnotinteractableexception\nStacktrace:\nRemoteError@chrome://remote/content/shared/RemoteError.sys.mjs:8:8\nWebDriverError@chrome://remote/content/shared/webdriver/Errors.sys.mjs:199:5\nElementNotInteractableError@chrome://remote/content/shared/webdriver/Errors.sys.mjs:368:5\nwebdriverClickElement@chrome://remote/content/marionette/interaction.sys.mjs:165:11\ninteraction.clickElement@chrome://remote/content/marionette/interaction.sys.mjs:134:11\nclickElement@chrome://remote/content/marionette/actors/MarionetteCommandsChild.sys.mjs:327:29\nreceiveMessage@chrome://remote/content/marionette/actors/MarionetteCommandsChild.sys.mjs:210:31","statusTrace":"tests/test_example.py:56: in test_change_name\n    changed = self.page.change_name(\"hamad\")\n              ^^^^^^^^^^^^^^^^^^^^^^^^^^^^^^\nutilits/POM_helper_class.py:61: in change_name\n    self.driver.find_element(*self.mobile_button).click()\n/opt/hostedtoolcache/Python/3.11.13/x64/lib/python3.11/site-packages/selenium/webdriver/remote/webelement.py:120: in click\n    self._execute(Command.CLICK_ELEMENT)\n/opt/hostedtoolcache/Python/3.11.13/x64/lib/python3.11/site-packages/selenium/webdriver/remote/webelement.py:573: in _execute\n    return self._parent.execute(command, params)\n           ^^^^^^^^^^^^^^^^^^^^^^^^^^^^^^^^^^^^^\n/opt/hostedtoolcache/Python/3.11.13/x64/lib/python3.11/site-packages/selenium/webdriver/remote/webdriver.py:458: in execute\n    self.error_handler.check_response(response)\n/opt/hostedtoolcache/Python/3.11.13/x64/lib/python3.11/site-packages/selenium/webdriver/remote/errorhandler.py:232: in check_response\n    raise exception_class(message, screen, stacktrace)\nE   selenium.common.exceptions.ElementNotInteractableException: Message: Element <button id=\"radix-:r0:\" class=\"whitespace-nowrap rounded-md transition-colors focus-visible:outline-none focus-visible:ring-1 focus-visible:ring-ring disabled:pointer-events-none disabled:opacity-50 hover:bg-accent hover:text-accent-foreground px-4 py-2 flex justify-start gap-3 w-full h-14 text-base font-normal items-center\" type=\"button\"> could not be scrolled into view; For documentation on this error, please visit: https://www.selenium.dev/documentation/webdriver/troubleshooting/errors#elementnotinteractableexception\nE   Stacktrace:\nE   RemoteError@chrome://remote/content/shared/RemoteError.sys.mjs:8:8\nE   WebDriverError@chrome://remote/content/shared/webdriver/Errors.sys.mjs:199:5\nE   ElementNotInteractableError@chrome://remote/content/shared/webdriver/Errors.sys.mjs:368:5\nE   webdriverClickElement@chrome://remote/content/marionette/interaction.sys.mjs:165:11\nE   interaction.clickElement@chrome://remote/content/marionette/interaction.sys.mjs:134:11\nE   clickElement@chrome://remote/content/marionette/actors/MarionetteCommandsChild.sys.mjs:327:29\nE   receiveMessage@chrome://remote/content/marionette/actors/MarionetteCommandsChild.sys.mjs:210:31","steps":[],"attachments":[{"uid":"31d130d4fd15c7d4","name":"stdout","source":"31d130d4fd15c7d4.txt","type":"text/plain","size":46}],"parameters":[],"stepsCount":0,"shouldDisplayMessage":true,"attachmentsCount":1,"hasContent":true,"attachmentStep":false},"afterStages":[{"name":"_unittest_setUpClass_fixture_ExampleTestCase::0","time":{"start":1756989128960,"stop":1756989128960,"duration":0},"status":"passed","steps":[],"attachments":[],"parameters":[],"stepsCount":0,"shouldDisplayMessage":false,"attachmentsCount":0,"hasContent":false,"attachmentStep":false}],"labels":[{"name":"parentSuite","value":"tests"},{"name":"suite","value":"test_example"},{"name":"subSuite","value":"ExampleTestCase"},{"name":"host","value":"pkrvm7jw40e0xgp"},{"name":"thread","value":"2576-MainThread"},{"name":"framework","value":"pytest"},{"name":"language","value":"cpython3"},{"name":"package","value":"tests.test_example"},{"name":"resultFormat","value":"allure2"}],"parameters":[],"links":[],"hidden":false,"retry":false,"extra":{"severity":"normal","retries":[{"uid":"b12fb4223ec439ad","status":"broken","statusDetails":"selenium.common.exceptions.NoSuchElementException: Message: no such element: Unable to locate element: {\"method\":\"css selector\",\"selector\":\"[id=\"radix-:Rln7mjt6:\"]\"}\n  (Session info: chrome=139.0.7258.154); For documentation on this error, please visit: https://www.selenium.dev/documentation/webdriver/troubleshooting/errors#nosuchelementexception\nStacktrace:\n#0 0x556bd7ba808a <unknown>\n#1 0x556bd7647a70 <unknown>\n#2 0x556bd7699907 <unknown>\n#3 0x556bd7699b01 <unknown>\n#4 0x556bd76e7d54 <unknown>\n#5 0x556bd76bf40d <unknown>\n#6 0x556bd76e514f <unknown>\n#7 0x556bd76bf1b3 <unknown>\n#8 0x556bd768b59b <unknown>\n#9 0x556bd768c971 <unknown>\n#10 0x556bd7b6d25b <unknown>\n#11 0x556bd7b70fa9 <unknown>\n#12 0x556bd7b54339 <unknown>\n#13 0x556bd7b71b58 <unknown>\n#14 0x556bd7b38c1f <unknown>\n#15 0x556bd7b95118 <unknown>\n#16 0x556bd7b952f6 <unknown>\n#17 0x556bd7ba7066 <unknown>\n#18 0x7ff040c9caa4 <unknown>\n#19 0x7ff040d29c3c <unknown>","time":{"start":1756989111286,"stop":1756989147251,"duration":35965}},{"uid":"af39bbeec3a63536","status":"broken","statusDetails":"selenium.common.exceptions.NoSuchElementException: Message: Unable to locate element: [id=\"radix-:Rln7mjt6:\"]; For documentation on this error, please visit: https://www.selenium.dev/documentation/webdriver/troubleshooting/errors#nosuchelementexception\nStacktrace:\nRemoteError@chrome://remote/content/shared/RemoteError.sys.mjs:8:8\nWebDriverError@chrome://remote/content/shared/webdriver/Errors.sys.mjs:199:5\nNoSuchElementError@chrome://remote/content/shared/webdriver/Errors.sys.mjs:552:5\ndom.find/</<@chrome://remote/content/shared/DOM.sys.mjs:136:16","time":{"start":1756989107658,"stop":1756989113209,"duration":5551}},{"uid":"141c24788ed49c40","status":"broken","statusDetails":"selenium.common.exceptions.NoSuchElementException: Message: Unable to locate element: [id=\"radix-:Rln7mjt6:\"]; For documentation on this error, please visit: https://www.selenium.dev/documentation/webdriver/troubleshooting/errors#nosuchelementexception\nStacktrace:\nRemoteError@chrome://remote/content/shared/RemoteError.sys.mjs:8:8\nWebDriverError@chrome://remote/content/shared/webdriver/Errors.sys.mjs:199:5\nNoSuchElementError@chrome://remote/content/shared/webdriver/Errors.sys.mjs:552:5\ndom.find/</<@chrome://remote/content/shared/DOM.sys.mjs:136:16","time":{"start":1756989105083,"stop":1756989110287,"duration":5204}},{"uid":"18e0250e81fa6ac","status":"passed","time":{"start":1756989101056,"stop":1756989110777,"duration":9721}},{"uid":"bde861c55509e2ff","status":"broken","statusDetails":"selenium.common.exceptions.NoSuchElementException: Message: no such element: Unable to locate element: {\"method\":\"css selector\",\"selector\":\"[id=\"radix-:Rln7mjt6:\"]\"}\n  (Session info: chrome=139.0.7258.154); For documentation on this error, please visit: https://www.selenium.dev/documentation/webdriver/troubleshooting/errors#nosuchelementexception\nStacktrace:\n#0 0x5642b17bd08a <unknown>\n#1 0x5642b125ca70 <unknown>\n#2 0x5642b12ae907 <unknown>\n#3 0x5642b12aeb01 <unknown>\n#4 0x5642b12fcd54 <unknown>\n#5 0x5642b12d440d <unknown>\n#6 0x5642b12fa14f <unknown>\n#7 0x5642b12d41b3 <unknown>\n#8 0x5642b12a059b <unknown>\n#9 0x5642b12a1971 <unknown>\n#10 0x5642b178225b <unknown>\n#11 0x5642b1785fa9 <unknown>\n#12 0x5642b1769339 <unknown>\n#13 0x5642b1786b58 <unknown>\n#14 0x5642b174dc1f <unknown>\n#15 0x5642b17aa118 <unknown>\n#16 0x5642b17aa2f6 <unknown>\n#17 0x5642b17bc066 <unknown>\n#18 0x7f223069caa4 <unknown>\n#19 0x7f2230729c3c <unknown>","time":{"start":1756989100050,"stop":1756989109677,"duration":9627}}],"categories":[{"name":"Test defects","matchedStatuses":[],"flaky":false}],"tags":[]},"source":"1d6f079a8bcf0260.json","parameterValues":[]}