{"uid":"af39bbeec3a63536","name":"test_change_name","fullName":"tests.test_example.ExampleTestCase#test_change_name","historyId":"401c7467121e7dc775efa0719d6717a6","time":{"start":1756989107658,"stop":1756989113209,"duration":5551},"status":"broken","statusMessage":"selenium.common.exceptions.NoSuchElementException: Message: Unable to locate element: [id=\"radix-:Rln7mjt6:\"]; For documentation on this error, please visit: https://www.selenium.dev/documentation/webdriver/troubleshooting/errors#nosuchelementexception\nStacktrace:\nRemoteError@chrome://remote/content/shared/RemoteError.sys.mjs:8:8\nWebDriverError@chrome://remote/content/shared/webdriver/Errors.sys.mjs:199:5\nNoSuchElementError@chrome://remote/content/shared/webdriver/Errors.sys.mjs:552:5\ndom.find/</<@chrome://remote/content/shared/DOM.sys.mjs:136:16","statusTrace":"tests/test_example.py:56: in test_change_name\n    changed = self.page.change_name(\"hamad\")\n              ^^^^^^^^^^^^^^^^^^^^^^^^^^^^^^\nutilits/POM_helper_class.py:63: in change_name\n    self.driver.find_element(*self.PROFILE_BUTTON).click()\n    ^^^^^^^^^^^^^^^^^^^^^^^^^^^^^^^^^^^^^^^^^^^^^^\n/opt/hostedtoolcache/Python/3.11.13/x64/lib/python3.11/site-packages/selenium/webdriver/remote/webdriver.py:926: in find_element\n    return self.execute(Command.FIND_ELEMENT, {\"using\": by, \"value\": value})[\"value\"]\n           ^^^^^^^^^^^^^^^^^^^^^^^^^^^^^^^^^^^^^^^^^^^^^^^^^^^^^^^^^^^^^^^^^\n/opt/hostedtoolcache/Python/3.11.13/x64/lib/python3.11/site-packages/selenium/webdriver/remote/webdriver.py:458: in execute\n    self.error_handler.check_response(response)\n/opt/hostedtoolcache/Python/3.11.13/x64/lib/python3.11/site-packages/selenium/webdriver/remote/errorhandler.py:232: in check_response\n    raise exception_class(message, screen, stacktrace)\nE   selenium.common.exceptions.NoSuchElementException: Message: Unable to locate element: [id=\"radix-:Rln7mjt6:\"]; For documentation on this error, please visit: https://www.selenium.dev/documentation/webdriver/troubleshooting/errors#nosuchelementexception\nE   Stacktrace:\nE   RemoteError@chrome://remote/content/shared/RemoteError.sys.mjs:8:8\nE   WebDriverError@chrome://remote/content/shared/webdriver/Errors.sys.mjs:199:5\nE   NoSuchElementError@chrome://remote/content/shared/webdriver/Errors.sys.mjs:552:5\nE   dom.find/</<@chrome://remote/content/shared/DOM.sys.mjs:136:16","flaky":false,"newFailed":false,"newBroken":false,"newPassed":false,"retriesCount":0,"retriesStatusChange":false,"beforeStages":[{"name":"base_url","time":{"start":1756989107657,"stop":1756989107657,"duration":0},"status":"passed","steps":[],"attachments":[],"parameters":[],"stepsCount":0,"shouldDisplayMessage":false,"attachmentsCount":0,"hasContent":false,"attachmentStep":false},{"name":"sensitive_url","time":{"start":1756989107657,"stop":1756989107657,"duration":0},"status":"passed","steps":[],"attachments":[],"parameters":[],"stepsCount":0,"shouldDisplayMessage":false,"attachmentsCount":0,"hasContent":false,"attachmentStep":false},{"name":"_verify_url","time":{"start":1756989107657,"stop":1756989107657,"duration":0},"status":"passed","steps":[],"attachments":[],"parameters":[],"stepsCount":0,"shouldDisplayMessage":false,"attachmentsCount":0,"hasContent":false,"attachmentStep":false},{"name":"_skip_sensitive","time":{"start":1756989107657,"stop":1756989107657,"duration":0},"status":"passed","steps":[],"attachments":[],"parameters":[],"stepsCount":0,"shouldDisplayMessage":false,"attachmentsCount":0,"hasContent":false,"attachmentStep":false},{"name":"_unittest_setUpClass_fixture_ExampleTestCase","time":{"start":1756989107657,"stop":1756989107657,"duration":0},"status":"passed","steps":[],"attachments":[],"parameters":[],"stepsCount":0,"shouldDisplayMessage":false,"attachmentsCount":0,"hasContent":false,"attachmentStep":false}],"testStage":{"status":"broken","statusMessage":"selenium.common.exceptions.NoSuchElementException: Message: Unable to locate element: [id=\"radix-:Rln7mjt6:\"]; For documentation on this error, please visit: https://www.selenium.dev/documentation/webdriver/troubleshooting/errors#nosuchelementexception\nStacktrace:\nRemoteError@chrome://remote/content/shared/RemoteError.sys.mjs:8:8\nWebDriverError@chrome://remote/content/shared/webdriver/Errors.sys.mjs:199:5\nNoSuchElementError@chrome://remote/content/shared/webdriver/Errors.sys.mjs:552:5\ndom.find/</<@chrome://remote/content/shared/DOM.sys.mjs:136:16","statusTrace":"tests/test_example.py:56: in test_change_name\n    changed = self.page.change_name(\"hamad\")\n              ^^^^^^^^^^^^^^^^^^^^^^^^^^^^^^\nutilits/POM_helper_class.py:63: in change_name\n    self.driver.find_element(*self.PROFILE_BUTTON).click()\n    ^^^^^^^^^^^^^^^^^^^^^^^^^^^^^^^^^^^^^^^^^^^^^^\n/opt/hostedtoolcache/Python/3.11.13/x64/lib/python3.11/site-packages/selenium/webdriver/remote/webdriver.py:926: in find_element\n    return self.execute(Command.FIND_ELEMENT, {\"using\": by, \"value\": value})[\"value\"]\n           ^^^^^^^^^^^^^^^^^^^^^^^^^^^^^^^^^^^^^^^^^^^^^^^^^^^^^^^^^^^^^^^^^\n/opt/hostedtoolcache/Python/3.11.13/x64/lib/python3.11/site-packages/selenium/webdriver/remote/webdriver.py:458: in execute\n    self.error_handler.check_response(response)\n/opt/hostedtoolcache/Python/3.11.13/x64/lib/python3.11/site-packages/selenium/webdriver/remote/errorhandler.py:232: in check_response\n    raise exception_class(message, screen, stacktrace)\nE   selenium.common.exceptions.NoSuchElementException: Message: Unable to locate element: [id=\"radix-:Rln7mjt6:\"]; For documentation on this error, please visit: https://www.selenium.dev/documentation/webdriver/troubleshooting/errors#nosuchelementexception\nE   Stacktrace:\nE   RemoteError@chrome://remote/content/shared/RemoteError.sys.mjs:8:8\nE   WebDriverError@chrome://remote/content/shared/webdriver/Errors.sys.mjs:199:5\nE   NoSuchElementError@chrome://remote/content/shared/webdriver/Errors.sys.mjs:552:5\nE   dom.find/</<@chrome://remote/content/shared/DOM.sys.mjs:136:16","steps":[],"attachments":[{"uid":"a3112ee8b3bf2a6e","name":"stdout","source":"a3112ee8b3bf2a6e.txt","type":"text/plain","size":48}],"parameters":[],"stepsCount":0,"shouldDisplayMessage":true,"attachmentsCount":1,"hasContent":true,"attachmentStep":false},"afterStages":[{"name":"_unittest_setUpClass_fixture_ExampleTestCase::0","time":{"start":1756989120843,"stop":1756989120843,"duration":0},"status":"passed","steps":[],"attachments":[],"parameters":[],"stepsCount":0,"shouldDisplayMessage":false,"attachmentsCount":0,"hasContent":false,"attachmentStep":false}],"labels":[{"name":"parentSuite","value":"tests"},{"name":"suite","value":"test_example"},{"name":"subSuite","value":"ExampleTestCase"},{"name":"host","value":"pkrvm7jw40e0xgp"},{"name":"thread","value":"2572-MainThread"},{"name":"framework","value":"pytest"},{"name":"language","value":"cpython3"},{"name":"package","value":"tests.test_example"},{"name":"resultFormat","value":"allure2"}],"parameters":[],"links":[],"hidden":true,"retry":true,"extra":{"categories":[],"tags":[]},"source":"af39bbeec3a63536.json","parameterValues":[]}