{"uid":"cedf1b10b32afde7","name":"test_send_message","fullName":"tests.test_example.ExampleTestCase#test_send_message","historyId":"3bc4f3765c9b31fcf733254dd25c049d","time":{"start":1756989148642,"stop":1756989152367,"duration":3725},"status":"broken","statusMessage":"selenium.common.exceptions.NoSuchElementException: Message: no such element: Unable to locate element: {\"method\":\"xpath\",\"selector\":\"//*[text()='gemma3:1b']\"}\n  (Session info: chrome=139.0.7258.154); For documentation on this error, please visit: https://www.selenium.dev/documentation/webdriver/troubleshooting/errors#nosuchelementexception\nStacktrace:\n#0 0x55f0b1cd208a <unknown>\n#1 0x55f0b1771a70 <unknown>\n#2 0x55f0b17c3907 <unknown>\n#3 0x55f0b17c3b01 <unknown>\n#4 0x55f0b1811d54 <unknown>\n#5 0x55f0b17e940d <unknown>\n#6 0x55f0b180f14f <unknown>\n#7 0x55f0b17e91b3 <unknown>\n#8 0x55f0b17b559b <unknown>\n#9 0x55f0b17b6971 <unknown>\n#10 0x55f0b1c9725b <unknown>\n#11 0x55f0b1c9afa9 <unknown>\n#12 0x55f0b1c7e339 <unknown>\n#13 0x55f0b1c9bb58 <unknown>\n#14 0x55f0b1c62c1f <unknown>\n#15 0x55f0b1cbf118 <unknown>\n#16 0x55f0b1cbf2f6 <unknown>\n#17 0x55f0b1cd1066 <unknown>\n#18 0x7f2aed89caa4 <unknown>\n#19 0x7f2aed929c3c <unknown>","statusTrace":"tests/test_example.py:49: in test_send_message\n    self.page.select_model(\"gemma3:1b\")\nutilits/POM_helper_class.py:38: in select_model\n    self.driver.find_element(By.XPATH, f\"//*[text()='{model_name}']\").click()\n    ^^^^^^^^^^^^^^^^^^^^^^^^^^^^^^^^^^^^^^^^^^^^^^^^^^^^^^^^^^^^^^^^^\n/opt/hostedtoolcache/Python/3.11.13/x64/lib/python3.11/site-packages/selenium/webdriver/remote/webdriver.py:926: in find_element\n    return self.execute(Command.FIND_ELEMENT, {\"using\": by, \"value\": value})[\"value\"]\n           ^^^^^^^^^^^^^^^^^^^^^^^^^^^^^^^^^^^^^^^^^^^^^^^^^^^^^^^^^^^^^^^^^\n/opt/hostedtoolcache/Python/3.11.13/x64/lib/python3.11/site-packages/selenium/webdriver/remote/webdriver.py:458: in execute\n    self.error_handler.check_response(response)\n/opt/hostedtoolcache/Python/3.11.13/x64/lib/python3.11/site-packages/selenium/webdriver/remote/errorhandler.py:232: in check_response\n    raise exception_class(message, screen, stacktrace)\nE   selenium.common.exceptions.NoSuchElementException: Message: no such element: Unable to locate element: {\"method\":\"xpath\",\"selector\":\"//*[text()='gemma3:1b']\"}\nE     (Session info: chrome=139.0.7258.154); For documentation on this error, please visit: https://www.selenium.dev/documentation/webdriver/troubleshooting/errors#nosuchelementexception\nE   Stacktrace:\nE   #0 0x55f0b1cd208a <unknown>\nE   #1 0x55f0b1771a70 <unknown>\nE   #2 0x55f0b17c3907 <unknown>\nE   #3 0x55f0b17c3b01 <unknown>\nE   #4 0x55f0b1811d54 <unknown>\nE   #5 0x55f0b17e940d <unknown>\nE   #6 0x55f0b180f14f <unknown>\nE   #7 0x55f0b17e91b3 <unknown>\nE   #8 0x55f0b17b559b <unknown>\nE   #9 0x55f0b17b6971 <unknown>\nE   #10 0x55f0b1c9725b <unknown>\nE   #11 0x55f0b1c9afa9 <unknown>\nE   #12 0x55f0b1c7e339 <unknown>\nE   #13 0x55f0b1c9bb58 <unknown>\nE   #14 0x55f0b1c62c1f <unknown>\nE   #15 0x55f0b1cbf118 <unknown>\nE   #16 0x55f0b1cbf2f6 <unknown>\nE   #17 0x55f0b1cd1066 <unknown>\nE   #18 0x7f2aed89caa4 <unknown>\nE   #19 0x7f2aed929c3c <unknown>","flaky":false,"newFailed":false,"newBroken":false,"newPassed":false,"retriesCount":5,"retriesStatusChange":false,"beforeStages":[{"name":"_unittest_setUpClass_fixture_ExampleTestCase","time":{"start":1756989111285,"stop":1756989111285,"duration":0},"status":"passed","steps":[],"attachments":[],"parameters":[],"stepsCount":0,"shouldDisplayMessage":false,"attachmentsCount":0,"hasContent":false,"attachmentStep":false},{"name":"base_url","time":{"start":1756989111285,"stop":1756989111285,"duration":0},"status":"passed","steps":[],"attachments":[],"parameters":[],"stepsCount":0,"shouldDisplayMessage":false,"attachmentsCount":0,"hasContent":false,"attachmentStep":false},{"name":"_verify_url","time":{"start":1756989111285,"stop":1756989111285,"duration":0},"status":"passed","steps":[],"attachments":[],"parameters":[],"stepsCount":0,"shouldDisplayMessage":false,"attachmentsCount":0,"hasContent":false,"attachmentStep":false},{"name":"sensitive_url","time":{"start":1756989111285,"stop":1756989111285,"duration":0},"status":"passed","steps":[],"attachments":[],"parameters":[],"stepsCount":0,"shouldDisplayMessage":false,"attachmentsCount":0,"hasContent":false,"attachmentStep":false},{"name":"_skip_sensitive","time":{"start":1756989148642,"stop":1756989148642,"duration":0},"status":"passed","steps":[],"attachments":[],"parameters":[],"stepsCount":0,"shouldDisplayMessage":false,"attachmentsCount":0,"hasContent":false,"attachmentStep":false}],"afterStages":[{"name":"_unittest_setUpClass_fixture_ExampleTestCase::0","time":{"start":1756989152390,"stop":1756989152390,"duration":0},"status":"passed","steps":[],"attachments":[],"parameters":[],"stepsCount":0,"shouldDisplayMessage":false,"attachmentsCount":0,"hasContent":false,"attachmentStep":false}],"labels":[{"name":"parentSuite","value":"tests"},{"name":"suite","value":"test_example"},{"name":"subSuite","value":"ExampleTestCase"},{"name":"host","value":"pkrvm7jw40e0xgp"},{"name":"thread","value":"2489-MainThread"},{"name":"framework","value":"pytest"},{"name":"language","value":"cpython3"},{"name":"package","value":"tests.test_example"},{"name":"resultFormat","value":"allure2"}],"parameters":[],"links":[],"hidden":false,"retry":false,"extra":{"severity":"normal","retries":[{"uid":"8fb21fcf2f19f679","status":"broken","statusDetails":"selenium.common.exceptions.NoSuchElementException: Message: Unable to locate element: //*[text()='gemma3:1b']; For documentation on this error, please visit: https://www.selenium.dev/documentation/webdriver/troubleshooting/errors#nosuchelementexception\nStacktrace:\nRemoteError@chrome://remote/content/shared/RemoteError.sys.mjs:8:8\nWebDriverError@chrome://remote/content/shared/webdriver/Errors.sys.mjs:199:5\nNoSuchElementError@chrome://remote/content/shared/webdriver/Errors.sys.mjs:552:5\ndom.find/</<@chrome://remote/content/shared/DOM.sys.mjs:136:16","time":{"start":1756989123799,"stop":1756989128937,"duration":5138}},{"uid":"3f727c4619fde53c","status":"broken","statusDetails":"selenium.common.exceptions.NoSuchElementException: Message: Unable to locate element: //*[text()='gemma3:1b']; For documentation on this error, please visit: https://www.selenium.dev/documentation/webdriver/troubleshooting/errors#nosuchelementexception\nStacktrace:\nRemoteError@chrome://remote/content/shared/RemoteError.sys.mjs:8:8\nWebDriverError@chrome://remote/content/shared/webdriver/Errors.sys.mjs:199:5\nNoSuchElementError@chrome://remote/content/shared/webdriver/Errors.sys.mjs:552:5\ndom.find/</<@chrome://remote/content/shared/DOM.sys.mjs:136:16","time":{"start":1756989115910,"stop":1756989120820,"duration":4910}},{"uid":"b7004b40ea1dfd45","status":"broken","statusDetails":"selenium.common.exceptions.NoSuchElementException: Message: Unable to locate element: //*[text()='gemma3:1b']; For documentation on this error, please visit: https://www.selenium.dev/documentation/webdriver/troubleshooting/errors#nosuchelementexception\nStacktrace:\nRemoteError@chrome://remote/content/shared/RemoteError.sys.mjs:8:8\nWebDriverError@chrome://remote/content/shared/webdriver/Errors.sys.mjs:199:5\nNoSuchElementError@chrome://remote/content/shared/webdriver/Errors.sys.mjs:552:5\ndom.find/</<@chrome://remote/content/shared/DOM.sys.mjs:136:16","time":{"start":1756989113071,"stop":1756989117913,"duration":4842}},{"uid":"b1cafd4b3669aaa5","status":"broken","statusDetails":"selenium.common.exceptions.NoSuchElementException: Message: no such element: Unable to locate element: {\"method\":\"xpath\",\"selector\":\"//*[text()='gemma3:1b']\"}\n  (Session info: chrome=139.0.7258.154); For documentation on this error, please visit: https://www.selenium.dev/documentation/webdriver/troubleshooting/errors#nosuchelementexception\nStacktrace:\n#0 0x56529a35808a <unknown>\n#1 0x565299df7a70 <unknown>\n#2 0x565299e49907 <unknown>\n#3 0x565299e49b01 <unknown>\n#4 0x565299e97d54 <unknown>\n#5 0x565299e6f40d <unknown>\n#6 0x565299e9514f <unknown>\n#7 0x565299e6f1b3 <unknown>\n#8 0x565299e3b59b <unknown>\n#9 0x565299e3c971 <unknown>\n#10 0x56529a31d25b <unknown>\n#11 0x56529a320fa9 <unknown>\n#12 0x56529a304339 <unknown>\n#13 0x56529a321b58 <unknown>\n#14 0x56529a2e8c1f <unknown>\n#15 0x56529a345118 <unknown>\n#16 0x56529a3452f6 <unknown>\n#17 0x56529a357066 <unknown>\n#18 0x7f22a6c9caa4 <unknown>\n#19 0x7f22a6d29c3c <unknown>","time":{"start":1756989111843,"stop":1756989115033,"duration":3190}},{"uid":"295100d5b7ccfb02","status":"broken","statusDetails":"selenium.common.exceptions.NoSuchElementException: Message: no such element: Unable to locate element: {\"method\":\"xpath\",\"selector\":\"//*[text()='gemma3:1b']\"}\n  (Session info: chrome=139.0.7258.154); For documentation on this error, please visit: https://www.selenium.dev/documentation/webdriver/troubleshooting/errors#nosuchelementexception\nStacktrace:\n#0 0x557153ff908a <unknown>\n#1 0x557153a98a70 <unknown>\n#2 0x557153aea907 <unknown>\n#3 0x557153aeab01 <unknown>\n#4 0x557153b38d54 <unknown>\n#5 0x557153b1040d <unknown>\n#6 0x557153b3614f <unknown>\n#7 0x557153b101b3 <unknown>\n#8 0x557153adc59b <unknown>\n#9 0x557153add971 <unknown>\n#10 0x557153fbe25b <unknown>\n#11 0x557153fc1fa9 <unknown>\n#12 0x557153fa5339 <unknown>\n#13 0x557153fc2b58 <unknown>\n#14 0x557153f89c1f <unknown>\n#15 0x557153fe6118 <unknown>\n#16 0x557153fe62f6 <unknown>\n#17 0x557153ff8066 <unknown>\n#18 0x7feaeae9caa4 <unknown>\n#19 0x7feaeaf29c3c <unknown>","time":{"start":1756989110816,"stop":1756989113964,"duration":3148}}],"categories":[{"name":"Test defects","matchedStatuses":[],"flaky":false}],"tags":[]},"source":"cedf1b10b32afde7.json","parameterValues":[]}